2025-05-06T17:35:36.154+08:00  INFO 57964 --- [backend] [restartedMain] com.backend.BackendApplication           : Starting BackendApplication using Java 20.0.2 with PID 57964 (C:\Users\张钰龙\IdeaProjects\GoGoPet\backend\target\classes started by 张钰龙 in C:\Users\张钰龙\IdeaProjects\GoGoPet)
2025-05-06T17:35:36.154+08:00 DEBUG 57964 --- [backend] [restartedMain] com.backend.BackendApplication           : Running with Spring Boot v3.2.3, Spring v6.1.4
2025-05-06T17:35:36.154+08:00  INFO 57964 --- [backend] [restartedMain] com.backend.BackendApplication           : No active profile set, falling back to 1 default profile: "default"
2025-05-06T17:35:36.541+08:00  INFO 57964 --- [backend] [restartedMain] o.s.b.w.embedded.tomcat.TomcatWebServer  : Tomcat initialized with port 8080 (http)
2025-05-06T17:35:36.543+08:00  INFO 57964 --- [backend] [restartedMain] o.a.catalina.core.AprLifecycleListener   : An older version [1.3.0] of the Apache Tomcat Native library is installed, while Tomcat recommends a minimum version of [2.0.5]
2025-05-06T17:35:36.543+08:00  INFO 57964 --- [backend] [restartedMain] o.a.catalina.core.AprLifecycleListener   : Loaded Apache Tomcat Native library [1.3.0] using APR version [1.7.4].
2025-05-06T17:35:36.543+08:00  INFO 57964 --- [backend] [restartedMain] o.a.catalina.core.AprLifecycleListener   : OpenSSL successfully initialized [OpenSSL 3.0.13 30 Jan 2024]
2025-05-06T17:35:36.544+08:00  INFO 57964 --- [backend] [restartedMain] o.apache.catalina.core.StandardService   : Starting service [Tomcat]
2025-05-06T17:35:36.544+08:00  INFO 57964 --- [backend] [restartedMain] o.apache.catalina.core.StandardEngine    : Starting Servlet engine: [Apache Tomcat/10.1.19]
2025-05-06T17:35:36.558+08:00  INFO 57964 --- [backend] [restartedMain] o.a.c.c.C.[Tomcat-1].[localhost].[/]     : Initializing Spring embedded WebApplicationContext
2025-05-06T17:35:36.558+08:00  INFO 57964 --- [backend] [restartedMain] w.s.c.ServletWebServerApplicationContext : Root WebApplicationContext: initialization completed in 402 ms
2025-05-06T17:35:36.604+08:00  WARN 57964 --- [backend] [restartedMain] c.b.m.core.injector.methods.Insert       : [com.backend.mapper.UserMapper.insert] Has been loaded by XML or SqlProvider or Mybatis's Annotation, so ignoring this injection for [class com.baomidou.mybatisplus.core.injector.methods.Insert]
2025-05-06T17:35:36.606+08:00  WARN 57964 --- [backend] [restartedMain] c.b.m.core.injector.methods.Update       : [com.backend.mapper.UserMapper.update] Has been loaded by XML or SqlProvider or Mybatis's Annotation, so ignoring this injection for [class com.baomidou.mybatisplus.core.injector.methods.Update]
2025-05-06T17:35:36.609+08:00  WARN 57964 --- [backend] [restartedMain] c.b.m.core.injector.methods.DeleteById   : [com.backend.mapper.UserMapper.deleteById] Has been loaded by XML or SqlProvider or Mybatis's Annotation, so ignoring this injection for [class com.baomidou.mybatisplus.core.injector.methods.DeleteById]
2025-05-06T17:35:36.610+08:00  WARN 57964 --- [backend] [restartedMain] c.b.m.core.injector.methods.SelectById   : [com.backend.mapper.UserMapper.selectById] Has been loaded by XML or SqlProvider or Mybatis's Annotation, so ignoring this injection for [class com.baomidou.mybatisplus.core.injector.methods.SelectById]
2025-05-06T17:35:36.617+08:00 DEBUG 57964 --- [backend] [restartedMain] c.backend.util.JwtAuthenticationFilter   : Filter 'jwtAuthenticationFilter' configured for use
2025-05-06T17:35:36.617+08:00 DEBUG 57964 --- [backend] [restartedMain] o.s.w.f.ServerHttpObservationFilter      : Filter 'webMvcObservationFilter' configured for use
2025-05-06T17:35:36.671+08:00  WARN 57964 --- [backend] [restartedMain] c.b.m.core.injector.methods.Insert       : [com.backend.mapper.PictureMapper.insert] Has been loaded by XML or SqlProvider or Mybatis's Annotation, so ignoring this injection for [class com.baomidou.mybatisplus.core.injector.methods.Insert]
2025-05-06T17:35:36.674+08:00  WARN 57964 --- [backend] [restartedMain] c.b.m.core.injector.methods.Update       : [com.backend.mapper.PictureMapper.update] Has been loaded by XML or SqlProvider or Mybatis's Annotation, so ignoring this injection for [class com.baomidou.mybatisplus.core.injector.methods.Update]
2025-05-06T17:35:36.679+08:00  WARN 57964 --- [backend] [restartedMain] c.b.m.core.injector.methods.SelectById   : [com.backend.mapper.PictureMapper.selectById] Has been loaded by XML or SqlProvider or Mybatis's Annotation, so ignoring this injection for [class com.baomidou.mybatisplus.core.injector.methods.SelectById]
2025-05-06T17:35:36.719+08:00  WARN 57964 --- [backend] [restartedMain] c.b.m.core.injector.methods.Insert       : [com.backend.mapper.PetMapper.insert] Has been loaded by XML or SqlProvider or Mybatis's Annotation, so ignoring this injection for [class com.baomidou.mybatisplus.core.injector.methods.Insert]
2025-05-06T17:35:36.721+08:00  WARN 57964 --- [backend] [restartedMain] c.b.m.core.injector.methods.Update       : [com.backend.mapper.PetMapper.update] Has been loaded by XML or SqlProvider or Mybatis's Annotation, so ignoring this injection for [class com.baomidou.mybatisplus.core.injector.methods.Update]
2025-05-06T17:35:36.723+08:00  WARN 57964 --- [backend] [restartedMain] c.b.m.core.injector.methods.DeleteById   : [com.backend.mapper.PetMapper.deleteById] Has been loaded by XML or SqlProvider or Mybatis's Annotation, so ignoring this injection for [class com.baomidou.mybatisplus.core.injector.methods.DeleteById]
2025-05-06T17:35:36.724+08:00  WARN 57964 --- [backend] [restartedMain] c.b.m.core.injector.methods.SelectById   : [com.backend.mapper.PetMapper.selectById] Has been loaded by XML or SqlProvider or Mybatis's Annotation, so ignoring this injection for [class com.baomidou.mybatisplus.core.injector.methods.SelectById]
2025-05-06T17:35:36.837+08:00 DEBUG 57964 --- [backend] [restartedMain] o.s.w.s.s.s.WebSocketHandlerMapping      : Patterns [/ws/**] in 'stompWebSocketHandlerMapping'
2025-05-06T17:35:36.858+08:00 DEBUG 57964 --- [backend] [restartedMain] s.w.s.m.m.a.RequestMappingHandlerMapping : 55 mappings in 'requestMappingHandlerMapping'
2025-05-06T17:35:36.868+08:00 DEBUG 57964 --- [backend] [restartedMain] o.s.w.s.handler.SimpleUrlHandlerMapping  : Patterns [/webjars/**, /**, /uploads/**] in 'resourceHandlerMapping'
2025-05-06T17:35:36.904+08:00  INFO 57964 --- [backend] [restartedMain] o.s.b.a.e.web.EndpointLinksResolver      : Exposing 1 endpoint(s) beneath base path '/actuator'
2025-05-06T17:35:36.915+08:00  INFO 57964 --- [backend] [restartedMain] o.s.s.web.DefaultSecurityFilterChain     : Will secure any request with [org.springframework.security.web.session.DisableEncodeUrlFilter@4fc456e7, org.springframework.security.web.context.request.async.WebAsyncManagerIntegrationFilter@1e20cb92, org.springframework.security.web.context.SecurityContextHolderFilter@4cf6f6ed, org.springframework.security.web.header.HeaderWriterFilter@6ea10c36, org.springframework.web.filter.CorsFilter@13f91e5, org.springframework.security.web.authentication.logout.LogoutFilter@42d7e196, com.backend.util.JwtAuthenticationFilter@3ee48462, org.springframework.security.web.savedrequest.RequestCacheAwareFilter@7826aa6e, org.springframework.security.web.servletapi.SecurityContextHolderAwareRequestFilter@1e00c9e0, org.springframework.security.web.authentication.AnonymousAuthenticationFilter@575e8dbd, org.springframework.security.web.session.SessionManagementFilter@64431c1, org.springframework.security.web.access.ExceptionTranslationFilter@7ee941bc, org.springframework.security.web.access.intercept.AuthorizationFilter@3a6d8b54]
2025-05-06T17:35:36.932+08:00 DEBUG 57964 --- [backend] [restartedMain] .WebSocketAnnotationMethodMessageHandler : 
	c.b.c.AuthController:
	
2025-05-06T17:35:36.932+08:00 DEBUG 57964 --- [backend] [restartedMain] .WebSocketAnnotationMethodMessageHandler : 
	c.b.c.ChatController:
	
2025-05-06T17:35:36.932+08:00 DEBUG 57964 --- [backend] [restartedMain] .WebSocketAnnotationMethodMessageHandler : 
	c.b.c.CommentController:
	
2025-05-06T17:35:36.932+08:00 DEBUG 57964 --- [backend] [restartedMain] .WebSocketAnnotationMethodMessageHandler : 
	c.b.c.CompanyController:
	
2025-05-06T17:35:36.932+08:00 DEBUG 57964 --- [backend] [restartedMain] .WebSocketAnnotationMethodMessageHandler : 
	c.b.c.MLController:
	
2025-05-06T17:35:36.932+08:00 DEBUG 57964 --- [backend] [restartedMain] .WebSocketAnnotationMethodMessageHandler : 
	c.b.c.OrderController:
	
2025-05-06T17:35:36.932+08:00 DEBUG 57964 --- [backend] [restartedMain] .WebSocketAnnotationMethodMessageHandler : 
	c.b.c.OrderPetController:
	
2025-05-06T17:35:36.932+08:00 DEBUG 57964 --- [backend] [restartedMain] .WebSocketAnnotationMethodMessageHandler : 
	c.b.c.OrderTrackingController:
	
2025-05-06T17:35:36.932+08:00 DEBUG 57964 --- [backend] [restartedMain] .WebSocketAnnotationMethodMessageHandler : 
	c.b.c.PetController:
	
2025-05-06T17:35:36.932+08:00 DEBUG 57964 --- [backend] [restartedMain] .WebSocketAnnotationMethodMessageHandler : 
	c.b.c.PictureController:
	
2025-05-06T17:35:36.932+08:00 DEBUG 57964 --- [backend] [restartedMain] .WebSocketAnnotationMethodMessageHandler : 
	c.b.c.PostController:
	
2025-05-06T17:35:36.932+08:00 DEBUG 57964 --- [backend] [restartedMain] .WebSocketAnnotationMethodMessageHandler : 
	c.b.c.PostLikeController:
	
2025-05-06T17:35:36.932+08:00 DEBUG 57964 --- [backend] [restartedMain] .WebSocketAnnotationMethodMessageHandler : 
	c.b.c.TestController:
	
2025-05-06T17:35:36.932+08:00 DEBUG 57964 --- [backend] [restartedMain] .WebSocketAnnotationMethodMessageHandler : 
	c.b.c.UploadController:
	
2025-05-06T17:35:36.932+08:00 DEBUG 57964 --- [backend] [restartedMain] .WebSocketAnnotationMethodMessageHandler : 
	c.b.c.UserController:
	
2025-05-06T17:35:36.934+08:00 DEBUG 57964 --- [backend] [restartedMain] .WebSocketAnnotationMethodMessageHandler : 
	c.b.c.WebSocketController:
	{[MESSAGE],[/chat.send]}: sendMessage(WebSocketMessage)
2025-05-06T17:35:36.934+08:00 DEBUG 57964 --- [backend] [restartedMain] .WebSocketAnnotationMethodMessageHandler : 
	o.s.b.a.w.s.e.BasicErrorController:
	
2025-05-06T17:35:36.948+08:00 DEBUG 57964 --- [backend] [restartedMain] s.w.s.m.m.a.RequestMappingHandlerAdapter : ControllerAdvice beans: 0 @ModelAttribute, 0 @InitBinder, 1 RequestBodyAdvice, 1 ResponseBodyAdvice
2025-05-06T17:35:36.953+08:00 DEBUG 57964 --- [backend] [restartedMain] .m.m.a.ExceptionHandlerExceptionResolver : ControllerAdvice beans: 1 @ExceptionHandler, 1 ResponseBodyAdvice
2025-05-06T17:35:36.999+08:00  INFO 57964 --- [backend] [restartedMain] o.s.b.d.a.OptionalLiveReloadServer       : LiveReload server is running on port 35729
2025-05-06T17:35:37.014+08:00  INFO 57964 --- [backend] [restartedMain] o.s.b.w.embedded.tomcat.TomcatWebServer  : Tomcat started on port 8080 (http) with context path ''
2025-05-06T17:35:37.015+08:00 DEBUG 57964 --- [backend] [restartedMain] org.springframework.web.SimpLogging      : clientOutboundChannel added SubProtocolWebSocketHandler[StompSubProtocolHandler[v10.stomp, v11.stomp, v12.stomp]]
2025-05-06T17:35:37.015+08:00 DEBUG 57964 --- [backend] [restartedMain] org.springframework.web.SimpLogging      : clientInboundChannel added WebSocketAnnotationMethodMessageHandler[prefixes=[/app/]]
2025-05-06T17:35:37.015+08:00  INFO 57964 --- [backend] [restartedMain] o.s.m.s.b.SimpleBrokerMessageHandler     : Starting...
2025-05-06T17:35:37.015+08:00 DEBUG 57964 --- [backend] [restartedMain] org.springframework.web.SimpLogging      : clientInboundChannel added SimpleBrokerMessageHandler [org.springframework.messaging.simp.broker.DefaultSubscriptionRegistry@7c4912a1]
2025-05-06T17:35:37.015+08:00 DEBUG 57964 --- [backend] [restartedMain] org.springframework.web.SimpLogging      : brokerChannel added SimpleBrokerMessageHandler [org.springframework.messaging.simp.broker.DefaultSubscriptionRegistry@7c4912a1]
2025-05-06T17:35:37.015+08:00  INFO 57964 --- [backend] [restartedMain] o.s.m.s.b.SimpleBrokerMessageHandler     : BrokerAvailabilityEvent[available=true, SimpleBrokerMessageHandler [org.springframework.messaging.simp.broker.DefaultSubscriptionRegistry@7c4912a1]]
2025-05-06T17:35:37.015+08:00  INFO 57964 --- [backend] [restartedMain] o.s.m.s.b.SimpleBrokerMessageHandler     : Started.
2025-05-06T17:35:37.015+08:00 DEBUG 57964 --- [backend] [restartedMain] org.springframework.web.SimpLogging      : clientInboundChannel added UserDestinationMessageHandler[DefaultUserDestinationResolver[prefix=/user/]]
2025-05-06T17:35:37.015+08:00 DEBUG 57964 --- [backend] [restartedMain] org.springframework.web.SimpLogging      : brokerChannel added UserDestinationMessageHandler[DefaultUserDestinationResolver[prefix=/user/]]
2025-05-06T17:35:37.022+08:00  INFO 57964 --- [backend] [restartedMain] com.backend.BackendApplication           : Started BackendApplication in 0.902 seconds (process running for 449.852)
2025-05-06T17:35:37.024+08:00  INFO 57964 --- [backend] [restartedMain] .ConditionEvaluationDeltaLoggingListener : Condition evaluation delta:


==========================
CONDITION EVALUATION DELTA
==========================


Positive matches:
-----------------

   LogFileWebEndpointAutoConfiguration#logFileWebEndpoint matched:
      - Log File found logging.file.name logs/application.log (LogFileWebEndpointAutoConfiguration.LogFileCondition)
      - @ConditionalOnMissingBean (types: org.springframework.boot.actuate.logging.LogFileWebEndpoint; SearchStrategy: all) did not find any beans (OnBeanCondition)


Negative matches:
-----------------

    None


Exclusions:
-----------

    None


Unconditional classes:
----------------------

    None



2025-05-06T17:36:37.017+08:00  INFO 57964 --- [backend] [MessageBroker-1] o.s.w.s.c.WebSocketMessageBrokerStats    : WebSocketSession[0 current WS(0)-HttpStream(0)-HttpPoll(0), 0 total, 0 closed abnormally (0 connect failure, 0 send limit, 0 transport error)], stompSubProtocol[processed CONNECT(0)-CONNECTED(0)-DISCONNECT(0)], stompBrokerRelay[null], inboundChannel[pool size = 0, active threads = 0, queued tasks = 0, completed tasks = 0], outboundChannel[pool size = 0, active threads = 0, queued tasks = 0, completed tasks = 0], sockJsScheduler[pool size = 1, active threads = 1, queued tasks = 0, completed tasks = 0]
2025-05-06T17:37:07.721+08:00 DEBUG 57964 --- [backend] [SpringApplicationShutdownHook] org.springframework.web.SimpLogging      : clientOutboundChannel removed SubProtocolWebSocketHandler[StompSubProtocolHandler[v10.stomp, v11.stomp, v12.stomp]]
2025-05-06T17:37:07.723+08:00 DEBUG 57964 --- [backend] [SpringApplicationShutdownHook] org.springframework.web.SimpLogging      : clientInboundChannel removed WebSocketAnnotationMethodMessageHandler[prefixes=[/app/]]
2025-05-06T17:37:07.723+08:00  INFO 57964 --- [backend] [SpringApplicationShutdownHook] o.s.m.s.b.SimpleBrokerMessageHandler     : Stopping...
2025-05-06T17:37:07.723+08:00  INFO 57964 --- [backend] [SpringApplicationShutdownHook] o.s.m.s.b.SimpleBrokerMessageHandler     : BrokerAvailabilityEvent[available=false, SimpleBrokerMessageHandler [org.springframework.messaging.simp.broker.DefaultSubscriptionRegistry@7c4912a1]]
2025-05-06T17:37:07.723+08:00 DEBUG 57964 --- [backend] [SpringApplicationShutdownHook] org.springframework.web.SimpLogging      : clientInboundChannel removed SimpleBrokerMessageHandler [org.springframework.messaging.simp.broker.DefaultSubscriptionRegistry@7c4912a1]
2025-05-06T17:37:07.723+08:00 DEBUG 57964 --- [backend] [SpringApplicationShutdownHook] org.springframework.web.SimpLogging      : brokerChannel removed SimpleBrokerMessageHandler [org.springframework.messaging.simp.broker.DefaultSubscriptionRegistry@7c4912a1]
2025-05-06T17:37:07.723+08:00  INFO 57964 --- [backend] [SpringApplicationShutdownHook] o.s.m.s.b.SimpleBrokerMessageHandler     : Stopped.
2025-05-06T17:37:07.724+08:00 DEBUG 57964 --- [backend] [SpringApplicationShutdownHook] org.springframework.web.SimpLogging      : clientInboundChannel removed UserDestinationMessageHandler[DefaultUserDestinationResolver[prefix=/user/]]
2025-05-06T17:37:07.724+08:00 DEBUG 57964 --- [backend] [SpringApplicationShutdownHook] org.springframework.web.SimpLogging      : brokerChannel removed UserDestinationMessageHandler[DefaultUserDestinationResolver[prefix=/user/]]
2025-05-06T17:37:09.863+08:00  INFO 60036 --- [backend] [restartedMain] com.backend.BackendApplication           : Starting BackendApplication using Java 20.0.2 with PID 60036 (C:\Users\张钰龙\IdeaProjects\GoGoPet\backend\target\classes started by 张钰龙 in C:\Users\张钰龙\IdeaProjects\GoGoPet)
2025-05-06T17:37:09.864+08:00 DEBUG 60036 --- [backend] [restartedMain] com.backend.BackendApplication           : Running with Spring Boot v3.2.3, Spring v6.1.4
2025-05-06T17:37:09.865+08:00  INFO 60036 --- [backend] [restartedMain] com.backend.BackendApplication           : No active profile set, falling back to 1 default profile: "default"
2025-05-06T17:37:09.910+08:00  INFO 60036 --- [backend] [restartedMain] .e.DevToolsPropertyDefaultsPostProcessor : Devtools property defaults active! Set 'spring.devtools.add-properties' to 'false' to disable
2025-05-06T17:37:09.910+08:00  INFO 60036 --- [backend] [restartedMain] .e.DevToolsPropertyDefaultsPostProcessor : For additional web related logging consider setting the 'logging.level.web' property to 'DEBUG'
2025-05-06T17:37:10.962+08:00  INFO 59760 --- [backend] [restartedMain] com.backend.BackendApplication           : Starting BackendApplication using Java 20.0.2 with PID 59760 (C:\Users\张钰龙\IdeaProjects\GoGoPet\backend\target\classes started by 张钰龙 in C:\Users\张钰龙\IdeaProjects\GoGoPet)
2025-05-06T17:37:10.964+08:00 DEBUG 59760 --- [backend] [restartedMain] com.backend.BackendApplication           : Running with Spring Boot v3.2.3, Spring v6.1.4
2025-05-06T17:37:10.964+08:00  INFO 59760 --- [backend] [restartedMain] com.backend.BackendApplication           : No active profile set, falling back to 1 default profile: "default"
2025-05-06T17:37:10.998+08:00  INFO 59760 --- [backend] [restartedMain] .e.DevToolsPropertyDefaultsPostProcessor : Devtools property defaults active! Set 'spring.devtools.add-properties' to 'false' to disable
2025-05-06T17:37:10.998+08:00  INFO 59760 --- [backend] [restartedMain] .e.DevToolsPropertyDefaultsPostProcessor : For additional web related logging consider setting the 'logging.level.web' property to 'DEBUG'
2025-05-06T17:37:11.452+08:00  INFO 60036 --- [backend] [restartedMain] o.s.b.w.embedded.tomcat.TomcatWebServer  : Tomcat initialized with port 8080 (http)
2025-05-06T17:37:11.509+08:00  INFO 60036 --- [backend] [restartedMain] w.s.c.ServletWebServerApplicationContext : Root WebApplicationContext: initialization completed in 1599 ms
2025-05-06T17:37:11.798+08:00  WARN 60036 --- [backend] [restartedMain] c.b.m.core.injector.methods.Insert       : [com.backend.mapper.UserMapper.insert] Has been loaded by XML or SqlProvider or Mybatis's Annotation, so ignoring this injection for [class com.baomidou.mybatisplus.core.injector.methods.Insert]
2025-05-06T17:37:11.806+08:00  WARN 60036 --- [backend] [restartedMain] c.b.m.core.injector.methods.Update       : [com.backend.mapper.UserMapper.update] Has been loaded by XML or SqlProvider or Mybatis's Annotation, so ignoring this injection for [class com.baomidou.mybatisplus.core.injector.methods.Update]
2025-05-06T17:37:11.814+08:00  WARN 60036 --- [backend] [restartedMain] c.b.m.core.injector.methods.DeleteById   : [com.backend.mapper.UserMapper.deleteById] Has been loaded by XML or SqlProvider or Mybatis's Annotation, so ignoring this injection for [class com.baomidou.mybatisplus.core.injector.methods.DeleteById]
2025-05-06T17:37:11.817+08:00  WARN 60036 --- [backend] [restartedMain] c.b.m.core.injector.methods.SelectById   : [com.backend.mapper.UserMapper.selectById] Has been loaded by XML or SqlProvider or Mybatis's Annotation, so ignoring this injection for [class com.baomidou.mybatisplus.core.injector.methods.SelectById]
2025-05-06T17:37:11.856+08:00 DEBUG 60036 --- [backend] [restartedMain] c.backend.util.JwtAuthenticationFilter   : Filter 'jwtAuthenticationFilter' configured for use
2025-05-06T17:37:11.857+08:00 DEBUG 60036 --- [backend] [restartedMain] o.s.w.f.ServerHttpObservationFilter      : Filter 'webMvcObservationFilter' configured for use
2025-05-06T17:37:11.981+08:00  WARN 60036 --- [backend] [restartedMain] c.b.m.core.injector.methods.Insert       : [com.backend.mapper.PictureMapper.insert] Has been loaded by XML or SqlProvider or Mybatis's Annotation, so ignoring this injection for [class com.baomidou.mybatisplus.core.injector.methods.Insert]
2025-05-06T17:37:11.983+08:00  WARN 60036 --- [backend] [restartedMain] c.b.m.core.injector.methods.Update       : [com.backend.mapper.PictureMapper.update] Has been loaded by XML or SqlProvider or Mybatis's Annotation, so ignoring this injection for [class com.baomidou.mybatisplus.core.injector.methods.Update]
2025-05-06T17:37:11.988+08:00  WARN 60036 --- [backend] [restartedMain] c.b.m.core.injector.methods.SelectById   : [com.backend.mapper.PictureMapper.selectById] Has been loaded by XML or SqlProvider or Mybatis's Annotation, so ignoring this injection for [class com.baomidou.mybatisplus.core.injector.methods.SelectById]
2025-05-06T17:37:12.040+08:00  WARN 60036 --- [backend] [restartedMain] c.b.m.core.injector.methods.Insert       : [com.backend.mapper.PetMapper.insert] Has been loaded by XML or SqlProvider or Mybatis's Annotation, so ignoring this injection for [class com.baomidou.mybatisplus.core.injector.methods.Insert]
2025-05-06T17:37:12.042+08:00  WARN 60036 --- [backend] [restartedMain] c.b.m.core.injector.methods.Update       : [com.backend.mapper.PetMapper.update] Has been loaded by XML or SqlProvider or Mybatis's Annotation, so ignoring this injection for [class com.baomidou.mybatisplus.core.injector.methods.Update]
2025-05-06T17:37:12.046+08:00  WARN 60036 --- [backend] [restartedMain] c.b.m.core.injector.methods.DeleteById   : [com.backend.mapper.PetMapper.deleteById] Has been loaded by XML or SqlProvider or Mybatis's Annotation, so ignoring this injection for [class com.baomidou.mybatisplus.core.injector.methods.DeleteById]
2025-05-06T17:37:12.049+08:00  WARN 60036 --- [backend] [restartedMain] c.b.m.core.injector.methods.SelectById   : [com.backend.mapper.PetMapper.selectById] Has been loaded by XML or SqlProvider or Mybatis's Annotation, so ignoring this injection for [class com.baomidou.mybatisplus.core.injector.methods.SelectById]
2025-05-06T17:37:12.164+08:00  INFO 59760 --- [backend] [restartedMain] o.s.b.w.embedded.tomcat.TomcatWebServer  : Tomcat initialized with port 8080 (http)
2025-05-06T17:37:12.167+08:00  INFO 59760 --- [backend] [restartedMain] o.a.catalina.core.AprLifecycleListener   : An older version [1.3.0] of the Apache Tomcat Native library is installed, while Tomcat recommends a minimum version of [2.0.5]
2025-05-06T17:37:12.167+08:00  INFO 59760 --- [backend] [restartedMain] o.a.catalina.core.AprLifecycleListener   : Loaded Apache Tomcat Native library [1.3.0] using APR version [1.7.4].
2025-05-06T17:37:12.170+08:00  INFO 59760 --- [backend] [restartedMain] o.a.catalina.core.AprLifecycleListener   : OpenSSL successfully initialized [OpenSSL 3.0.13 30 Jan 2024]
2025-05-06T17:37:12.177+08:00  INFO 59760 --- [backend] [restartedMain] o.apache.catalina.core.StandardService   : Starting service [Tomcat]
2025-05-06T17:37:12.178+08:00  INFO 59760 --- [backend] [restartedMain] o.apache.catalina.core.StandardEngine    : Starting Servlet engine: [Apache Tomcat/10.1.19]
2025-05-06T17:37:12.215+08:00  INFO 59760 --- [backend] [restartedMain] o.a.c.c.C.[Tomcat].[localhost].[/]       : Initializing Spring embedded WebApplicationContext
2025-05-06T17:37:12.215+08:00  INFO 59760 --- [backend] [restartedMain] w.s.c.ServletWebServerApplicationContext : Root WebApplicationContext: initialization completed in 1217 ms
2025-05-06T17:37:12.542+08:00  WARN 59760 --- [backend] [restartedMain] c.b.m.core.injector.methods.Insert       : [com.backend.mapper.UserMapper.insert] Has been loaded by XML or SqlProvider or Mybatis's Annotation, so ignoring this injection for [class com.baomidou.mybatisplus.core.injector.methods.Insert]
2025-05-06T17:37:12.552+08:00  WARN 59760 --- [backend] [restartedMain] c.b.m.core.injector.methods.Update       : [com.backend.mapper.UserMapper.update] Has been loaded by XML or SqlProvider or Mybatis's Annotation, so ignoring this injection for [class com.baomidou.mybatisplus.core.injector.methods.Update]
2025-05-06T17:37:12.559+08:00  WARN 59760 --- [backend] [restartedMain] c.b.m.core.injector.methods.DeleteById   : [com.backend.mapper.UserMapper.deleteById] Has been loaded by XML or SqlProvider or Mybatis's Annotation, so ignoring this injection for [class com.baomidou.mybatisplus.core.injector.methods.DeleteById]
2025-05-06T17:37:12.562+08:00  WARN 59760 --- [backend] [restartedMain] c.b.m.core.injector.methods.SelectById   : [com.backend.mapper.UserMapper.selectById] Has been loaded by XML or SqlProvider or Mybatis's Annotation, so ignoring this injection for [class com.baomidou.mybatisplus.core.injector.methods.SelectById]
2025-05-06T17:37:12.593+08:00 DEBUG 59760 --- [backend] [restartedMain] c.backend.util.JwtAuthenticationFilter   : Filter 'jwtAuthenticationFilter' configured for use
2025-05-06T17:37:12.594+08:00 DEBUG 59760 --- [backend] [restartedMain] o.s.w.f.ServerHttpObservationFilter      : Filter 'webMvcObservationFilter' configured for use
2025-05-06T17:37:15.255+08:00  INFO 59664 --- [backend] [restartedMain] com.backend.BackendApplication           : Starting BackendApplication using Java 20.0.2 with PID 59664 (C:\Users\张钰龙\IdeaProjects\GoGoPet\backend\target\classes started by 张钰龙 in C:\Users\张钰龙\IdeaProjects\GoGoPet)
2025-05-06T17:37:15.256+08:00 DEBUG 59664 --- [backend] [restartedMain] com.backend.BackendApplication           : Running with Spring Boot v3.2.3, Spring v6.1.4
2025-05-06T17:37:15.256+08:00  INFO 59664 --- [backend] [restartedMain] com.backend.BackendApplication           : No active profile set, falling back to 1 default profile: "default"
2025-05-06T17:37:15.286+08:00  INFO 59664 --- [backend] [restartedMain] .e.DevToolsPropertyDefaultsPostProcessor : Devtools property defaults active! Set 'spring.devtools.add-properties' to 'false' to disable
2025-05-06T17:37:15.286+08:00  INFO 59664 --- [backend] [restartedMain] .e.DevToolsPropertyDefaultsPostProcessor : For additional web related logging consider setting the 'logging.level.web' property to 'DEBUG'
2025-05-06T17:37:16.334+08:00  INFO 59664 --- [backend] [restartedMain] o.s.b.w.embedded.tomcat.TomcatWebServer  : Tomcat initialized with port 8080 (http)
2025-05-06T17:37:16.336+08:00  INFO 59664 --- [backend] [restartedMain] o.a.catalina.core.AprLifecycleListener   : An older version [1.3.0] of the Apache Tomcat Native library is installed, while Tomcat recommends a minimum version of [2.0.5]
2025-05-06T17:37:16.337+08:00  INFO 59664 --- [backend] [restartedMain] o.a.catalina.core.AprLifecycleListener   : Loaded Apache Tomcat Native library [1.3.0] using APR version [1.7.4].
2025-05-06T17:37:16.339+08:00  INFO 59664 --- [backend] [restartedMain] o.a.catalina.core.AprLifecycleListener   : OpenSSL successfully initialized [OpenSSL 3.0.13 30 Jan 2024]
2025-05-06T17:37:16.346+08:00  INFO 59664 --- [backend] [restartedMain] o.apache.catalina.core.StandardService   : Starting service [Tomcat]
2025-05-06T17:37:16.346+08:00  INFO 59664 --- [backend] [restartedMain] o.apache.catalina.core.StandardEngine    : Starting Servlet engine: [Apache Tomcat/10.1.19]
2025-05-06T17:37:16.381+08:00  INFO 59664 --- [backend] [restartedMain] o.a.c.c.C.[Tomcat].[localhost].[/]       : Initializing Spring embedded WebApplicationContext
2025-05-06T17:37:16.382+08:00  INFO 59664 --- [backend] [restartedMain] w.s.c.ServletWebServerApplicationContext : Root WebApplicationContext: initialization completed in 1095 ms
2025-05-06T17:37:16.613+08:00  WARN 59664 --- [backend] [restartedMain] c.b.m.core.injector.methods.Insert       : [com.backend.mapper.UserMapper.insert] Has been loaded by XML or SqlProvider or Mybatis's Annotation, so ignoring this injection for [class com.baomidou.mybatisplus.core.injector.methods.Insert]
2025-05-06T17:37:16.620+08:00  WARN 59664 --- [backend] [restartedMain] c.b.m.core.injector.methods.Update       : [com.backend.mapper.UserMapper.update] Has been loaded by XML or SqlProvider or Mybatis's Annotation, so ignoring this injection for [class com.baomidou.mybatisplus.core.injector.methods.Update]
2025-05-06T17:37:16.627+08:00  WARN 59664 --- [backend] [restartedMain] c.b.m.core.injector.methods.DeleteById   : [com.backend.mapper.UserMapper.deleteById] Has been loaded by XML or SqlProvider or Mybatis's Annotation, so ignoring this injection for [class com.baomidou.mybatisplus.core.injector.methods.DeleteById]
2025-05-06T17:37:16.630+08:00  WARN 59664 --- [backend] [restartedMain] c.b.m.core.injector.methods.SelectById   : [com.backend.mapper.UserMapper.selectById] Has been loaded by XML or SqlProvider or Mybatis's Annotation, so ignoring this injection for [class com.baomidou.mybatisplus.core.injector.methods.SelectById]
2025-05-06T17:37:16.661+08:00 DEBUG 59664 --- [backend] [restartedMain] c.backend.util.JwtAuthenticationFilter   : Filter 'jwtAuthenticationFilter' configured for use
2025-05-06T17:37:16.662+08:00 DEBUG 59664 --- [backend] [restartedMain] o.s.w.f.ServerHttpObservationFilter      : Filter 'webMvcObservationFilter' configured for use
2025-05-06T17:37:16.774+08:00  WARN 59664 --- [backend] [restartedMain] c.b.m.core.injector.methods.Insert       : [com.backend.mapper.PictureMapper.insert] Has been loaded by XML or SqlProvider or Mybatis's Annotation, so ignoring this injection for [class com.baomidou.mybatisplus.core.injector.methods.Insert]
2025-05-06T17:37:16.776+08:00  WARN 59664 --- [backend] [restartedMain] c.b.m.core.injector.methods.Update       : [com.backend.mapper.PictureMapper.update] Has been loaded by XML or SqlProvider or Mybatis's Annotation, so ignoring this injection for [class com.baomidou.mybatisplus.core.injector.methods.Update]
2025-05-06T17:37:16.780+08:00  WARN 59664 --- [backend] [restartedMain] c.b.m.core.injector.methods.SelectById   : [com.backend.mapper.PictureMapper.selectById] Has been loaded by XML or SqlProvider or Mybatis's Annotation, so ignoring this injection for [class com.baomidou.mybatisplus.core.injector.methods.SelectById]
2025-05-06T17:37:16.826+08:00  WARN 59664 --- [backend] [restartedMain] c.b.m.core.injector.methods.Insert       : [com.backend.mapper.PetMapper.insert] Has been loaded by XML or SqlProvider or Mybatis's Annotation, so ignoring this injection for [class com.baomidou.mybatisplus.core.injector.methods.Insert]
2025-05-06T17:37:16.827+08:00  WARN 59664 --- [backend] [restartedMain] c.b.m.core.injector.methods.Update       : [com.backend.mapper.PetMapper.update] Has been loaded by XML or SqlProvider or Mybatis's Annotation, so ignoring this injection for [class com.baomidou.mybatisplus.core.injector.methods.Update]
2025-05-06T17:37:16.831+08:00  WARN 59664 --- [backend] [restartedMain] c.b.m.core.injector.methods.DeleteById   : [com.backend.mapper.PetMapper.deleteById] Has been loaded by XML or SqlProvider or Mybatis's Annotation, so ignoring this injection for [class com.baomidou.mybatisplus.core.injector.methods.DeleteById]
2025-05-06T17:37:16.832+08:00  WARN 59664 --- [backend] [restartedMain] c.b.m.core.injector.methods.SelectById   : [com.backend.mapper.PetMapper.selectById] Has been loaded by XML or SqlProvider or Mybatis's Annotation, so ignoring this injection for [class com.baomidou.mybatisplus.core.injector.methods.SelectById]
2025-05-06T17:37:17.076+08:00 DEBUG 59664 --- [backend] [restartedMain] o.s.w.s.s.s.WebSocketHandlerMapping      : Patterns [/ws/**] in 'stompWebSocketHandlerMapping'
2025-05-06T17:37:17.124+08:00 DEBUG 59664 --- [backend] [restartedMain] s.w.s.m.m.a.RequestMappingHandlerMapping : 55 mappings in 'requestMappingHandlerMapping'
2025-05-06T17:37:17.142+08:00 DEBUG 59664 --- [backend] [restartedMain] o.s.w.s.handler.SimpleUrlHandlerMapping  : Patterns [/webjars/**, /**, /uploads/**] in 'resourceHandlerMapping'
2025-05-06T17:37:17.218+08:00  INFO 59664 --- [backend] [restartedMain] o.s.b.a.e.web.EndpointLinksResolver      : Exposing 1 endpoint(s) beneath base path '/actuator'
2025-05-06T17:37:17.243+08:00  INFO 59664 --- [backend] [restartedMain] o.s.s.web.DefaultSecurityFilterChain     : Will secure any request with [org.springframework.security.web.session.DisableEncodeUrlFilter@2aaae8bc, org.springframework.security.web.context.request.async.WebAsyncManagerIntegrationFilter@8f24179, org.springframework.security.web.context.SecurityContextHolderFilter@5d5b8592, org.springframework.security.web.header.HeaderWriterFilter@660ef0e, org.springframework.web.filter.CorsFilter@637ed23e, org.springframework.security.web.authentication.logout.LogoutFilter@657bed88, com.backend.util.JwtAuthenticationFilter@571932ed, org.springframework.security.web.savedrequest.RequestCacheAwareFilter@1b71c270, org.springframework.security.web.servletapi.SecurityContextHolderAwareRequestFilter@3f4aaabf, org.springframework.security.web.authentication.AnonymousAuthenticationFilter@4ba79252, org.springframework.security.web.session.SessionManagementFilter@5d0a1c3e, org.springframework.security.web.access.ExceptionTranslationFilter@404a84b1, org.springframework.security.web.access.intercept.AuthorizationFilter@61c87656]
2025-05-06T17:37:17.282+08:00 DEBUG 59664 --- [backend] [restartedMain] .WebSocketAnnotationMethodMessageHandler : 
	c.b.c.AuthController:
	
2025-05-06T17:37:17.283+08:00 DEBUG 59664 --- [backend] [restartedMain] .WebSocketAnnotationMethodMessageHandler : 
	c.b.c.ChatController:
	
2025-05-06T17:37:17.283+08:00 DEBUG 59664 --- [backend] [restartedMain] .WebSocketAnnotationMethodMessageHandler : 
	c.b.c.CommentController:
	
2025-05-06T17:37:17.283+08:00 DEBUG 59664 --- [backend] [restartedMain] .WebSocketAnnotationMethodMessageHandler : 
	c.b.c.CompanyController:
	
2025-05-06T17:37:17.283+08:00 DEBUG 59664 --- [backend] [restartedMain] .WebSocketAnnotationMethodMessageHandler : 
	c.b.c.MLController:
	
2025-05-06T17:37:17.283+08:00 DEBUG 59664 --- [backend] [restartedMain] .WebSocketAnnotationMethodMessageHandler : 
	c.b.c.OrderController:
	
2025-05-06T17:37:17.283+08:00 DEBUG 59664 --- [backend] [restartedMain] .WebSocketAnnotationMethodMessageHandler : 
	c.b.c.OrderPetController:
	
2025-05-06T17:37:17.283+08:00 DEBUG 59664 --- [backend] [restartedMain] .WebSocketAnnotationMethodMessageHandler : 
	c.b.c.OrderTrackingController:
	
2025-05-06T17:37:17.283+08:00 DEBUG 59664 --- [backend] [restartedMain] .WebSocketAnnotationMethodMessageHandler : 
	c.b.c.PetController:
	
2025-05-06T17:37:17.283+08:00 DEBUG 59664 --- [backend] [restartedMain] .WebSocketAnnotationMethodMessageHandler : 
	c.b.c.PictureController:
	
2025-05-06T17:37:17.283+08:00 DEBUG 59664 --- [backend] [restartedMain] .WebSocketAnnotationMethodMessageHandler : 
	c.b.c.PostController:
	
2025-05-06T17:37:17.283+08:00 DEBUG 59664 --- [backend] [restartedMain] .WebSocketAnnotationMethodMessageHandler : 
	c.b.c.PostLikeController:
	
2025-05-06T17:37:17.283+08:00 DEBUG 59664 --- [backend] [restartedMain] .WebSocketAnnotationMethodMessageHandler : 
	c.b.c.TestController:
	
2025-05-06T17:37:17.283+08:00 DEBUG 59664 --- [backend] [restartedMain] .WebSocketAnnotationMethodMessageHandler : 
	c.b.c.UploadController:
	
2025-05-06T17:37:17.283+08:00 DEBUG 59664 --- [backend] [restartedMain] .WebSocketAnnotationMethodMessageHandler : 
	c.b.c.UserController:
	
2025-05-06T17:37:17.285+08:00 DEBUG 59664 --- [backend] [restartedMain] .WebSocketAnnotationMethodMessageHandler : 
	c.b.c.WebSocketController:
	{[MESSAGE],[/chat.send]}: sendMessage(WebSocketMessage)
2025-05-06T17:37:17.286+08:00 DEBUG 59664 --- [backend] [restartedMain] .WebSocketAnnotationMethodMessageHandler : 
	o.s.b.a.w.s.e.BasicErrorController:
	
2025-05-06T17:37:17.317+08:00 DEBUG 59664 --- [backend] [restartedMain] s.w.s.m.m.a.RequestMappingHandlerAdapter : ControllerAdvice beans: 0 @ModelAttribute, 0 @InitBinder, 1 RequestBodyAdvice, 1 ResponseBodyAdvice
2025-05-06T17:37:17.340+08:00 DEBUG 59664 --- [backend] [restartedMain] .m.m.a.ExceptionHandlerExceptionResolver : ControllerAdvice beans: 1 @ExceptionHandler, 1 ResponseBodyAdvice
2025-05-06T17:37:17.472+08:00  INFO 59664 --- [backend] [restartedMain] o.s.b.d.a.OptionalLiveReloadServer       : LiveReload server is running on port 35729
2025-05-06T17:37:17.525+08:00  INFO 59664 --- [backend] [restartedMain] o.s.b.w.embedded.tomcat.TomcatWebServer  : Tomcat started on port 8080 (http) with context path ''
2025-05-06T17:37:17.526+08:00 DEBUG 59664 --- [backend] [restartedMain] org.springframework.web.SimpLogging      : clientOutboundChannel added SubProtocolWebSocketHandler[StompSubProtocolHandler[v10.stomp, v11.stomp, v12.stomp]]
2025-05-06T17:37:17.526+08:00 DEBUG 59664 --- [backend] [restartedMain] org.springframework.web.SimpLogging      : clientInboundChannel added WebSocketAnnotationMethodMessageHandler[prefixes=[/app/]]
2025-05-06T17:37:17.526+08:00  INFO 59664 --- [backend] [restartedMain] o.s.m.s.b.SimpleBrokerMessageHandler     : Starting...
2025-05-06T17:37:17.527+08:00 DEBUG 59664 --- [backend] [restartedMain] org.springframework.web.SimpLogging      : clientInboundChannel added SimpleBrokerMessageHandler [org.springframework.messaging.simp.broker.DefaultSubscriptionRegistry@3fabd1e6]
2025-05-06T17:37:17.527+08:00 DEBUG 59664 --- [backend] [restartedMain] org.springframework.web.SimpLogging      : brokerChannel added SimpleBrokerMessageHandler [org.springframework.messaging.simp.broker.DefaultSubscriptionRegistry@3fabd1e6]
2025-05-06T17:37:17.527+08:00  INFO 59664 --- [backend] [restartedMain] o.s.m.s.b.SimpleBrokerMessageHandler     : BrokerAvailabilityEvent[available=true, SimpleBrokerMessageHandler [org.springframework.messaging.simp.broker.DefaultSubscriptionRegistry@3fabd1e6]]
2025-05-06T17:37:17.527+08:00  INFO 59664 --- [backend] [restartedMain] o.s.m.s.b.SimpleBrokerMessageHandler     : Started.
2025-05-06T17:37:17.527+08:00 DEBUG 59664 --- [backend] [restartedMain] org.springframework.web.SimpLogging      : clientInboundChannel added UserDestinationMessageHandler[DefaultUserDestinationResolver[prefix=/user/]]
2025-05-06T17:37:17.527+08:00 DEBUG 59664 --- [backend] [restartedMain] org.springframework.web.SimpLogging      : brokerChannel added UserDestinationMessageHandler[DefaultUserDestinationResolver[prefix=/user/]]
2025-05-06T17:37:17.538+08:00  INFO 59664 --- [backend] [restartedMain] com.backend.BackendApplication           : Started BackendApplication in 2.565 seconds (process running for 2.989)
2025-05-06T17:37:17.811+08:00  INFO 59664 --- [backend] [RMI TCP Connection(2)-192.168.43.45] o.a.c.c.C.[Tomcat].[localhost].[/]       : Initializing Spring DispatcherServlet 'dispatcherServlet'
2025-05-06T17:37:17.811+08:00  INFO 59664 --- [backend] [RMI TCP Connection(2)-192.168.43.45] o.s.web.servlet.DispatcherServlet        : Initializing Servlet 'dispatcherServlet'
2025-05-06T17:37:17.811+08:00 DEBUG 59664 --- [backend] [RMI TCP Connection(2)-192.168.43.45] o.s.web.servlet.DispatcherServlet        : Detected StandardServletMultipartResolver
2025-05-06T17:37:17.811+08:00 DEBUG 59664 --- [backend] [RMI TCP Connection(2)-192.168.43.45] o.s.web.servlet.DispatcherServlet        : Detected AcceptHeaderLocaleResolver
2025-05-06T17:37:17.811+08:00 DEBUG 59664 --- [backend] [RMI TCP Connection(2)-192.168.43.45] o.s.web.servlet.DispatcherServlet        : Detected FixedThemeResolver
2025-05-06T17:37:17.812+08:00 DEBUG 59664 --- [backend] [RMI TCP Connection(2)-192.168.43.45] o.s.web.servlet.DispatcherServlet        : Detected org.springframework.web.servlet.view.DefaultRequestToViewNameTranslator@62512447
2025-05-06T17:37:17.813+08:00 DEBUG 59664 --- [backend] [RMI TCP Connection(2)-192.168.43.45] o.s.web.servlet.DispatcherServlet        : Detected org.springframework.web.servlet.support.SessionFlashMapManager@5b0a2c8
2025-05-06T17:37:17.813+08:00 DEBUG 59664 --- [backend] [RMI TCP Connection(2)-192.168.43.45] o.s.web.servlet.DispatcherServlet        : enableLoggingRequestDetails='false': request parameters and headers will be masked to prevent unsafe logging of potentially sensitive data
2025-05-06T17:37:17.812+08:00  INFO 59664 --- [backend] [RMI TCP Connection(3)-192.168.43.45] com.zaxxer.hikari.HikariDataSource       : HikariPool-1 - Starting...
2025-05-06T17:37:17.813+08:00  INFO 59664 --- [backend] [RMI TCP Connection(2)-192.168.43.45] o.s.web.servlet.DispatcherServlet        : Completed initialization in 2 ms
2025-05-06T17:37:18.125+08:00  INFO 59664 --- [backend] [RMI TCP Connection(3)-192.168.43.45] com.zaxxer.hikari.pool.HikariPool        : HikariPool-1 - Added connection com.mysql.cj.jdbc.ConnectionImpl@30f9a5f3
2025-05-06T17:37:18.127+08:00  INFO 59664 --- [backend] [RMI TCP Connection(3)-192.168.43.45] com.zaxxer.hikari.HikariDataSource       : HikariPool-1 - Start completed.
2025-05-06T17:38:17.493+08:00  INFO 59664 --- [backend] [MessageBroker-1] o.s.w.s.c.WebSocketMessageBrokerStats    : WebSocketSession[0 current WS(0)-HttpStream(0)-HttpPoll(0), 0 total, 0 closed abnormally (0 connect failure, 0 send limit, 0 transport error)], stompSubProtocol[processed CONNECT(0)-CONNECTED(0)-DISCONNECT(0)], stompBrokerRelay[null], inboundChannel[pool size = 0, active threads = 0, queued tasks = 0, completed tasks = 0], outboundChannel[pool size = 0, active threads = 0, queued tasks = 0, completed tasks = 0], sockJsScheduler[pool size = 1, active threads = 1, queued tasks = 0, completed tasks = 0]
2025-05-06T17:38:33.741+08:00  INFO 59664 --- [backend] [File Watcher] rtingClassPathChangeChangedEventListener : Restarting due to 2 class path changes (0 additions, 1 deletion, 1 modification)
2025-05-06T17:38:33.744+08:00 DEBUG 59664 --- [backend] [Thread-5] org.springframework.web.SimpLogging      : clientOutboundChannel removed SubProtocolWebSocketHandler[StompSubProtocolHandler[v10.stomp, v11.stomp, v12.stomp]]
2025-05-06T17:38:33.744+08:00 DEBUG 59664 --- [backend] [Thread-5] org.springframework.web.SimpLogging      : clientInboundChannel removed WebSocketAnnotationMethodMessageHandler[prefixes=[/app/]]
2025-05-06T17:38:33.744+08:00  INFO 59664 --- [backend] [Thread-5] o.s.m.s.b.SimpleBrokerMessageHandler     : Stopping...
2025-05-06T17:38:33.744+08:00  INFO 59664 --- [backend] [Thread-5] o.s.m.s.b.SimpleBrokerMessageHandler     : BrokerAvailabilityEvent[available=false, SimpleBrokerMessageHandler [org.springframework.messaging.simp.broker.DefaultSubscriptionRegistry@3fabd1e6]]
2025-05-06T17:38:33.744+08:00 DEBUG 59664 --- [backend] [Thread-5] org.springframework.web.SimpLogging      : clientInboundChannel removed SimpleBrokerMessageHandler [org.springframework.messaging.simp.broker.DefaultSubscriptionRegistry@3fabd1e6]
2025-05-06T17:38:33.744+08:00 DEBUG 59664 --- [backend] [Thread-5] org.springframework.web.SimpLogging      : brokerChannel removed SimpleBrokerMessageHandler [org.springframework.messaging.simp.broker.DefaultSubscriptionRegistry@3fabd1e6]
2025-05-06T17:38:33.744+08:00  INFO 59664 --- [backend] [Thread-5] o.s.m.s.b.SimpleBrokerMessageHandler     : Stopped.
2025-05-06T17:38:33.744+08:00 DEBUG 59664 --- [backend] [Thread-5] org.springframework.web.SimpLogging      : clientInboundChannel removed UserDestinationMessageHandler[DefaultUserDestinationResolver[prefix=/user/]]
2025-05-06T17:38:33.744+08:00 DEBUG 59664 --- [backend] [Thread-5] org.springframework.web.SimpLogging      : brokerChannel removed UserDestinationMessageHandler[DefaultUserDestinationResolver[prefix=/user/]]
2025-05-06T17:38:33.760+08:00  INFO 59664 --- [backend] [Thread-5] com.zaxxer.hikari.HikariDataSource       : HikariPool-1 - Shutdown initiated...
2025-05-06T17:38:33.766+08:00  INFO 59664 --- [backend] [Thread-5] com.zaxxer.hikari.HikariDataSource       : HikariPool-1 - Shutdown completed.
